#! /c/Source/iverilog-install/bin/vvp
:ivl_version "12.0 (devel)" "(s20150603-1110-g18392a46)";
:ivl_delay_selection "TYPICAL";
:vpi_time_precision - 9;
:vpi_module "C:\iverilog\lib\ivl\system.vpi";
:vpi_module "C:\iverilog\lib\ivl\vhdl_sys.vpi";
:vpi_module "C:\iverilog\lib\ivl\vhdl_textio.vpi";
:vpi_module "C:\iverilog\lib\ivl\v2005_math.vpi";
:vpi_module "C:\iverilog\lib\ivl\va_math.vpi";
:vpi_module "C:\iverilog\lib\ivl\v2009.vpi";
S_0000022f4638a8c0 .scope package, "$unit" "$unit" 2 1;
 .timescale 0 0;
S_0000022f463624f0 .scope module, "uart_rx_tb" "uart_rx_tb" 3 5;
 .timescale -9 -9;
P_0000022f46322fe0 .param/l "KBAUD" 0 3 7, C4<10100010110000>;
P_0000022f46323018 .param/l "UART_CNT_BITS" 0 3 8, +C4<00000000000000000000000000001110>;
v0000022f463e0de0_0 .var "CNT_uart", 13 0;
v0000022f463e1240_0 .net "OUT", 0 0, v0000022f4638d060_0;  1 drivers
v0000022f463e0ac0_0 .net "Rx_done", 0 0, L_0000022f46386910;  1 drivers
v0000022f463e1b00_0 .net "Tx_EN", 0 0, L_0000022f46387010;  1 drivers
o0000022f4638e0e8 .functor BUFZ 1, C4<z>; HiZ drive
v0000022f463e17e0_0 .net "Tx_done", 0 0, o0000022f4638e0e8;  0 drivers
v0000022f463e0b60_0 .var "Tx_start", 0 0;
o0000022f4638e658 .functor BUFZ 1, C4<z>; HiZ drive
v0000022f463e08e0_0 .net "busy", 0 0, o0000022f4638e658;  0 drivers
v0000022f463e05c0_0 .var "clk", 0 0;
v0000022f463e16a0_0 .net "data_IN", 0 0, L_0000022f463e0700;  1 drivers
v0000022f463e12e0_0 .net "data_OUT", 7 0, L_0000022f46386fa0;  1 drivers
v0000022f463e1880_0 .var "indexInChar", 3 0;
v0000022f463e1600_0 .var "rst", 0 0;
L_0000022f46410088 .functor BUFT 1, C4<10101010>, C4<0>, C4<0>, C4<0>;
v0000022f463e1ec0_0 .net "test_data", 7 0, L_0000022f46410088;  1 drivers
L_0000022f463e0700 .part/v L_0000022f46410088, v0000022f463e1880_0, 1;
S_0000022f46362680 .scope module, "UartTx" "uart_txB" 3 40, 4 3 0, S_0000022f463624f0;
 .timescale 0 0;
    .port_info 0 /INPUT 1 "clk";
    .port_info 1 /INPUT 1 "rst";
    .port_info 2 /INPUT 8 "data";
    .port_info 3 /INPUT 1 "Tx_start";
    .port_info 4 /OUTPUT 1 "Tx_done";
    .port_info 5 /OUTPUT 1 "Tx_EN";
    .port_info 6 /OUTPUT 1 "OUT";
P_0000022f463231e0 .param/l "CNT_BITS" 0 4 23, +C4<00000000000000000000000000001110>;
P_0000022f46323218 .param/l "KBAUD" 0 4 4, C4<10100010110000>;
enum0000022f46308880 .enum4 (2)
   "IDLE" 2'b00,
   "START" 2'b01,
   "DATA" 2'b10,
   "STOP" 2'b11
 ;
L_0000022f46387010 .functor BUFZ 1, v0000022f4638da60_0, C4<0>, C4<0>, C4<0>;
v0000022f4638d880_0 .net "OUT", 0 0, v0000022f4638d060_0;  alias, 1 drivers
v0000022f4638d060_0 .var "OUT_nTmp", 0 0;
v0000022f4638d1a0_0 .net "Tx_EN", 0 0, L_0000022f46387010;  alias, 1 drivers
v0000022f4638da60_0 .var "Tx_EN_nTmp", 0 0;
v0000022f4638d920_0 .net "Tx_done", 0 0, o0000022f4638e0e8;  alias, 0 drivers
v0000022f4638dd80_0 .net "Tx_start", 0 0, v0000022f463e0b60_0;  1 drivers
v0000022f4638dc40_0 .var "UT_dataCNT", 3 0;
v0000022f4638d9c0_0 .var "UT_dataCNT_old", 3 0;
v0000022f4638d600_0 .var "baud_TICK", 0 0;
v0000022f4638d6a0_0 .var "baud_clk", 13 0;
v0000022f4638db00_0 .net "clk", 0 0, v0000022f463e05c0_0;  1 drivers
v0000022f4638dba0_0 .net "data", 7 0, L_0000022f46410088;  alias, 1 drivers
v0000022f4638dce0_0 .var "data_cnt", 3 0;
v0000022f4638d740_0 .var "next_next", 0 0;
v0000022f4638de20_0 .net "rst", 0 0, v0000022f463e1600_0;  1 drivers
v0000022f4638d7e0_0 .var "state", 1 0;
E_0000022f463825a0 .event posedge, v0000022f4638db00_0;
S_0000022f46362810 .scope module, "dut" "uart_rx" 3 33, 5 1 0, S_0000022f463624f0;
 .timescale 0 0;
    .port_info 0 /INPUT 1 "clk";
    .port_info 1 /INPUT 1 "rst";
    .port_info 2 /INPUT 1 "data_IN";
    .port_info 3 /OUTPUT 8 "data_OUT";
    .port_info 4 /OUTPUT 1 "Rx_done";
    .port_info 5 /OUTPUT 1 "busy";
P_0000022f463840b0 .param/l "CNT_BITS" 0 5 20, +C4<00000000000000000000000000001110>;
P_0000022f463840e8 .param/l "KBAUD" 0 5 2, C4<10100010110000>;
enum0000022f463083d0 .enum4 (2)
   "IDLE" 2'b00,
   "START" 2'b01,
   "DATA" 2'b10,
   "STOP" 2'b11
 ;
L_0000022f46386fa0 .functor BUFZ 8, v0000022f4638d240_0, C4<00000000>, C4<00000000>, C4<00000000>;
L_0000022f46386de0 .functor NOT 1, v0000022f4638d060_0, C4<0>, C4<0>, C4<0>;
L_0000022f46386830 .functor AND 1, v0000022f463e0340_0, L_0000022f46386de0, C4<1>, C4<1>;
L_0000022f46386910 .functor BUFZ 1, v0000022f4638df60_0, C4<0>, C4<0>, C4<0>;
v0000022f4638dec0_0 .net "Rx_done", 0 0, L_0000022f46386910;  alias, 1 drivers
v0000022f4638df60_0 .var "Rx_done_nTmp", 0 0;
v0000022f4638d100_0 .var "Rx_start", 0 0;
v0000022f4638d240_0 .var "UR_data", 7 0;
v0000022f4638d2e0_0 .var "UR_dataCNT", 3 0;
v0000022f4638d380_0 .var "URstate", 1 0;
v0000022f4638d420_0 .net *"_ivl_2", 0 0, L_0000022f46386de0;  1 drivers
v0000022f4638d4c0_0 .var "baud_TICK", 0 0;
v0000022f4638d560_0 .var "baud_clk", 13 0;
v0000022f463e1e20_0 .var "baud_cnt", 13 0;
v0000022f463e0160_0 .net "busy", 0 0, o0000022f4638e658;  alias, 0 drivers
v0000022f463e0f20_0 .net "clk", 0 0, v0000022f463e05c0_0;  alias, 1 drivers
v0000022f463e19c0_0 .net "data_IN", 0 0, v0000022f4638d060_0;  alias, 1 drivers
v0000022f463e0a20_0 .net "data_IN_falEdge", 0 0, L_0000022f46386830;  1 drivers
v0000022f463e0340_0 .var "data_IN_nTmp", 0 0;
v0000022f463e0ca0_0 .net "data_OUT", 7 0, L_0000022f46386fa0;  alias, 1 drivers
v0000022f463e0480_0 .net "rst", 0 0, v0000022f463e1600_0;  alias, 1 drivers
    .scope S_0000022f46362810;
T_0 ;
    %pushi/vec4 0, 0, 14;
    %store/vec4 v0000022f463e1e20_0, 0, 14;
    %end;
    .thread T_0, $init;
    .scope S_0000022f46362810;
T_1 ;
    %wait E_0000022f463825a0;
    %load/vec4 v0000022f463e0480_0;
    %pad/u 32;
    %cmpi/e 1, 0, 32;
    %jmp/0xz  T_1.0, 4;
    %pushi/vec4 0, 0, 14;
    %assign/vec4 v0000022f4638d560_0, 0;
    %jmp T_1.1;
T_1.0 ;
    %load/vec4 v0000022f463e0a20_0;
    %load/vec4 v0000022f4638d380_0;
    %pushi/vec4 0, 0, 2;
    %cmp/e;
    %flag_get/vec4 4;
    %and;
    %flag_set/vec4 8;
    %jmp/0xz  T_1.2, 8;
    %pushi/vec4 5208, 0, 14;
    %assign/vec4 v0000022f463e1e20_0, 0;
    %jmp T_1.3;
T_1.2 ;
    %load/vec4 v0000022f4638d380_0;
    %cmpi/ne 0, 0, 2;
    %jmp/0xz  T_1.4, 4;
    %load/vec4 v0000022f463e1e20_0;
    %cmpi/u 10416, 0, 14;
    %jmp/0xz  T_1.6, 5;
    %load/vec4 v0000022f463e1e20_0;
    %addi 1, 0, 14;
    %assign/vec4 v0000022f463e1e20_0, 0;
    %pushi/vec4 0, 0, 1;
    %assign/vec4 v0000022f4638d4c0_0, 0;
    %jmp T_1.7;
T_1.6 ;
    %pushi/vec4 0, 0, 14;
    %assign/vec4 v0000022f463e1e20_0, 0;
    %pushi/vec4 1, 0, 1;
    %assign/vec4 v0000022f4638d4c0_0, 0;
T_1.7 ;
T_1.4 ;
T_1.3 ;
T_1.1 ;
    %jmp T_1;
    .thread T_1;
    .scope S_0000022f46362810;
T_2 ;
    %wait E_0000022f463825a0;
    %load/vec4 v0000022f463e0480_0;
    %pad/u 32;
    %cmpi/e 1, 0, 32;
    %jmp/0xz  T_2.0, 4;
    %pushi/vec4 0, 0, 1;
    %assign/vec4 v0000022f4638d100_0, 0;
    %pushi/vec4 0, 0, 2;
    %assign/vec4 v0000022f4638d380_0, 0;
    %pushi/vec4 0, 0, 4;
    %assign/vec4 v0000022f4638d2e0_0, 0;
    %pushi/vec4 0, 0, 8;
    %assign/vec4 v0000022f4638d240_0, 0;
    %jmp T_2.1;
T_2.0 ;
    %load/vec4 v0000022f4638d380_0;
    %cmpi/e 0, 0, 2;
    %jmp/0xz  T_2.2, 4;
    %load/vec4 v0000022f463e0a20_0;
    %flag_set/vec4 8;
    %jmp/0xz  T_2.4, 8;
    %pushi/vec4 1, 0, 2;
    %assign/vec4 v0000022f4638d380_0, 0;
    %pushi/vec4 1, 0, 1;
    %assign/vec4 v0000022f4638d100_0, 0;
T_2.4 ;
    %jmp T_2.3;
T_2.2 ;
    %load/vec4 v0000022f4638d4c0_0;
    %flag_set/vec4 8;
    %jmp/0xz  T_2.6, 8;
    %load/vec4 v0000022f4638d380_0;
    %dup/vec4;
    %pushi/vec4 1, 0, 2;
    %cmp/u;
    %jmp/1 T_2.8, 6;
    %dup/vec4;
    %pushi/vec4 2, 0, 2;
    %cmp/u;
    %jmp/1 T_2.9, 6;
    %dup/vec4;
    %pushi/vec4 3, 0, 2;
    %cmp/u;
    %jmp/1 T_2.10, 6;
    %pushi/vec4 0, 0, 2;
    %assign/vec4 v0000022f4638d380_0, 0;
    %pushi/vec4 0, 0, 4;
    %assign/vec4 v0000022f4638d2e0_0, 0;
    %jmp T_2.12;
T_2.8 ;
    %pushi/vec4 2, 0, 2;
    %assign/vec4 v0000022f4638d380_0, 0;
    %pushi/vec4 0, 0, 1;
    %assign/vec4 v0000022f4638df60_0, 0;
    %pushi/vec4 0, 0, 8;
    %assign/vec4 v0000022f4638d240_0, 0;
    %jmp T_2.12;
T_2.9 ;
    %load/vec4 v0000022f463e19c0_0;
    %ix/load 5, 0, 0;
    %ix/getv 4, v0000022f4638d2e0_0;
    %assign/vec4/off/d v0000022f4638d240_0, 4, 5;
    %load/vec4 v0000022f4638d2e0_0;
    %pad/u 32;
    %cmpi/u 7, 0, 32;
    %jmp/0xz  T_2.13, 5;
    %load/vec4 v0000022f4638d2e0_0;
    %addi 1, 0, 4;
    %assign/vec4 v0000022f4638d2e0_0, 0;
    %jmp T_2.14;
T_2.13 ;
    %pushi/vec4 0, 0, 4;
    %assign/vec4 v0000022f4638d2e0_0, 0;
    %pushi/vec4 3, 0, 2;
    %assign/vec4 v0000022f4638d380_0, 0;
T_2.14 ;
    %jmp T_2.12;
T_2.10 ;
    %pushi/vec4 0, 0, 2;
    %assign/vec4 v0000022f4638d380_0, 0;
    %pushi/vec4 1, 0, 1;
    %assign/vec4 v0000022f4638df60_0, 0;
    %jmp T_2.12;
T_2.12 ;
    %pop/vec4 1;
T_2.6 ;
T_2.3 ;
    %load/vec4 v0000022f463e19c0_0;
    %assign/vec4 v0000022f463e0340_0, 0;
T_2.1 ;
    %jmp T_2;
    .thread T_2;
    .scope S_0000022f46362680;
T_3 ;
    %pushi/vec4 0, 0, 1;
    %store/vec4 v0000022f4638d740_0, 0, 1;
    %pushi/vec4 0, 0, 4;
    %store/vec4 v0000022f4638dce0_0, 0, 4;
    %pushi/vec4 0, 0, 1;
    %store/vec4 v0000022f4638d060_0, 0, 1;
    %end;
    .thread T_3, $init;
    .scope S_0000022f46362680;
T_4 ;
    %wait E_0000022f463825a0;
    %load/vec4 v0000022f4638de20_0;
    %flag_set/vec4 8;
    %jmp/0xz  T_4.0, 8;
    %pushi/vec4 0, 0, 2;
    %assign/vec4 v0000022f4638d7e0_0, 0;
    %pushi/vec4 0, 0, 1;
    %assign/vec4 v0000022f4638da60_0, 0;
    %pushi/vec4 1, 0, 1;
    %assign/vec4 v0000022f4638d060_0, 0;
    %pushi/vec4 0, 0, 14;
    %assign/vec4 v0000022f4638d6a0_0, 0;
    %pushi/vec4 0, 0, 1;
    %assign/vec4 v0000022f4638d600_0, 0;
    %jmp T_4.1;
T_4.0 ;
    %load/vec4 v0000022f4638d7e0_0;
    %cmpi/e 0, 0, 2;
    %jmp/0xz  T_4.2, 4;
    %pushi/vec4 0, 0, 14;
    %assign/vec4 v0000022f4638d6a0_0, 0;
    %pushi/vec4 0, 0, 1;
    %assign/vec4 v0000022f4638d600_0, 0;
    %jmp T_4.3;
T_4.2 ;
    %load/vec4 v0000022f4638d6a0_0;
    %cmpi/u 10416, 0, 14;
    %jmp/0xz  T_4.4, 5;
    %load/vec4 v0000022f4638d6a0_0;
    %addi 1, 0, 14;
    %assign/vec4 v0000022f4638d6a0_0, 0;
    %pushi/vec4 0, 0, 1;
    %assign/vec4 v0000022f4638d600_0, 0;
    %jmp T_4.5;
T_4.4 ;
    %pushi/vec4 0, 0, 14;
    %assign/vec4 v0000022f4638d6a0_0, 0;
    %pushi/vec4 1, 0, 1;
    %assign/vec4 v0000022f4638d600_0, 0;
T_4.5 ;
T_4.3 ;
T_4.1 ;
    %jmp T_4;
    .thread T_4;
    .scope S_0000022f46362680;
T_5 ;
    %wait E_0000022f463825a0;
    %load/vec4 v0000022f4638de20_0;
    %flag_set/vec4 8;
    %jmp/0xz  T_5.0, 8;
    %pushi/vec4 0, 0, 4;
    %assign/vec4 v0000022f4638dc40_0, 0;
    %pushi/vec4 0, 0, 1;
    %assign/vec4 v0000022f4638da60_0, 0;
    %pushi/vec4 0, 0, 4;
    %assign/vec4 v0000022f4638d9c0_0, 0;
    %jmp T_5.1;
T_5.0 ;
    %load/vec4 v0000022f4638d7e0_0;
    %cmpi/e 0, 0, 2;
    %jmp/0xz  T_5.2, 4;
    %load/vec4 v0000022f4638dd80_0;
    %flag_set/vec4 8;
    %jmp/0xz  T_5.4, 8;
    %pushi/vec4 1, 0, 2;
    %assign/vec4 v0000022f4638d7e0_0, 0;
    %pushi/vec4 0, 0, 1;
    %assign/vec4 v0000022f4638da60_0, 0;
    %jmp T_5.5;
T_5.4 ;
    %pushi/vec4 1, 0, 1;
    %assign/vec4 v0000022f4638da60_0, 0;
T_5.5 ;
    %jmp T_5.3;
T_5.2 ;
    %load/vec4 v0000022f4638d600_0;
    %flag_set/vec4 8;
    %jmp/0xz  T_5.6, 8;
    %load/vec4 v0000022f4638d7e0_0;
    %dup/vec4;
    %pushi/vec4 1, 0, 2;
    %cmp/u;
    %jmp/1 T_5.8, 6;
    %dup/vec4;
    %pushi/vec4 2, 0, 2;
    %cmp/u;
    %jmp/1 T_5.9, 6;
    %dup/vec4;
    %pushi/vec4 3, 0, 2;
    %cmp/u;
    %jmp/1 T_5.10, 6;
    %pushi/vec4 0, 0, 2;
    %assign/vec4 v0000022f4638d7e0_0, 0;
    %pushi/vec4 0, 0, 4;
    %assign/vec4 v0000022f4638dce0_0, 0;
    %pushi/vec4 1, 0, 1;
    %store/vec4 v0000022f4638d060_0, 0, 1;
    %jmp T_5.12;
T_5.8 ;
    %pushi/vec4 2, 0, 2;
    %assign/vec4 v0000022f4638d7e0_0, 0;
    %pushi/vec4 0, 0, 1;
    %assign/vec4 v0000022f4638d060_0, 0;
    %jmp T_5.12;
T_5.9 ;
    %load/vec4 v0000022f4638dba0_0;
    %load/vec4 v0000022f4638dc40_0;
    %part/u 1;
    %assign/vec4 v0000022f4638d060_0, 0;
    %load/vec4 v0000022f4638dc40_0;
    %pad/u 32;
    %cmpi/u 7, 0, 32;
    %jmp/0xz  T_5.13, 5;
    %load/vec4 v0000022f4638dc40_0;
    %addi 1, 0, 4;
    %assign/vec4 v0000022f4638dc40_0, 0;
    %load/vec4 v0000022f4638dc40_0;
    %assign/vec4 v0000022f4638d9c0_0, 0;
    %jmp T_5.14;
T_5.13 ;
    %pushi/vec4 0, 0, 4;
    %assign/vec4 v0000022f4638dc40_0, 0;
    %pushi/vec4 3, 0, 2;
    %assign/vec4 v0000022f4638d7e0_0, 0;
T_5.14 ;
    %jmp T_5.12;
T_5.10 ;
    %pushi/vec4 0, 0, 2;
    %assign/vec4 v0000022f4638d7e0_0, 0;
    %pushi/vec4 1, 0, 1;
    %assign/vec4 v0000022f4638d060_0, 0;
    %jmp T_5.12;
T_5.12 ;
    %pop/vec4 1;
T_5.6 ;
T_5.3 ;
T_5.1 ;
    %jmp T_5;
    .thread T_5;
    .scope S_0000022f463624f0;
T_6 ;
    %pushi/vec4 0, 0, 1;
    %store/vec4 v0000022f463e05c0_0, 0, 1;
    %pushi/vec4 0, 0, 1;
    %store/vec4 v0000022f463e1600_0, 0, 1;
    %pushi/vec4 0, 0, 4;
    %store/vec4 v0000022f463e1880_0, 0, 4;
    %pushi/vec4 0, 0, 14;
    %store/vec4 v0000022f463e0de0_0, 0, 14;
    %end;
    .thread T_6, $init;
    .scope S_0000022f463624f0;
T_7 ;
    %wait E_0000022f463825a0;
    %load/vec4 v0000022f463e1600_0;
    %flag_set/vec4 8;
    %jmp/0xz  T_7.0, 8;
    %pushi/vec4 0, 0, 1;
    %assign/vec4 v0000022f463e0b60_0, 0;
    %jmp T_7.1;
T_7.0 ;
    %load/vec4 v0000022f463e0de0_0;
    %cmpi/u 10416, 0, 14;
    %jmp/0xz  T_7.2, 5;
    %load/vec4 v0000022f463e0de0_0;
    %addi 1, 0, 14;
    %assign/vec4 v0000022f463e0de0_0, 0;
    %jmp T_7.3;
T_7.2 ;
    %pushi/vec4 0, 0, 14;
    %assign/vec4 v0000022f463e0de0_0, 0;
    %load/vec4 v0000022f463e1880_0;
    %pad/u 32;
    %cmpi/u 7, 0, 32;
    %jmp/0xz  T_7.4, 5;
    %load/vec4 v0000022f463e1880_0;
    %addi 1, 0, 4;
    %store/vec4 v0000022f463e1880_0, 0, 4;
    %jmp T_7.5;
T_7.4 ;
    %pushi/vec4 0, 0, 4;
    %store/vec4 v0000022f463e1880_0, 0, 4;
T_7.5 ;
    %load/vec4 v0000022f463e1b00_0;
    %flag_set/vec4 8;
    %jmp/0xz  T_7.6, 8;
    %pushi/vec4 1, 0, 1;
    %assign/vec4 v0000022f463e0b60_0, 0;
    %jmp T_7.7;
T_7.6 ;
    %pushi/vec4 0, 0, 1;
    %assign/vec4 v0000022f463e0b60_0, 0;
T_7.7 ;
T_7.3 ;
T_7.1 ;
    %jmp T_7;
    .thread T_7;
    .scope S_0000022f463624f0;
T_8 ;
    %delay 5, 0;
    %load/vec4 v0000022f463e05c0_0;
    %nor/r;
    %store/vec4 v0000022f463e05c0_0, 0, 1;
    %jmp T_8;
    .thread T_8;
    .scope S_0000022f463624f0;
T_9 ;
    %delay 5, 0;
    %pushi/vec4 1, 0, 1;
    %store/vec4 v0000022f463e1600_0, 0, 1;
    %delay 5, 0;
    %pushi/vec4 0, 0, 1;
    %store/vec4 v0000022f463e1600_0, 0, 1;
    %vpi_call/w 3 91 "$dumpfile", "uart_rx_waves.vcd" {0 0 0};
    %vpi_call/w 3 92 "$dumpvars" {0 0 0};
    %end;
    .thread T_9;
    .scope S_0000022f463624f0;
T_10 ;
    %delay 5000000, 0;
    %vpi_call/w 3 97 "$finish" {0 0 0};
    %end;
    .thread T_10;
# The file index is used to find the file name in the following table.
:file_names 6;
    "N/A";
    "<interactive>";
    "-";
    "uart_rx_tb.sv";
    "./uart_txB.sv";
    "./uart_rx.sv";
