#! /c/Source/iverilog-install/bin/vvp
:ivl_version "12.0 (devel)" "(s20150603-1110-g18392a46)";
:ivl_delay_selection "TYPICAL";
:vpi_time_precision - 9;
:vpi_module "C:\iverilog\lib\ivl\system.vpi";
:vpi_module "C:\iverilog\lib\ivl\vhdl_sys.vpi";
:vpi_module "C:\iverilog\lib\ivl\vhdl_textio.vpi";
:vpi_module "C:\iverilog\lib\ivl\v2005_math.vpi";
:vpi_module "C:\iverilog\lib\ivl\va_math.vpi";
:vpi_module "C:\iverilog\lib\ivl\v2009.vpi";
S_000002059a14d7f0 .scope package, "$unit" "$unit" 2 1;
 .timescale 0 0;
S_000002059a15caa0 .scope module, "sine_table_tb" "sine_table_tb" 3 3;
 .timescale -9 -9;
P_000002059a1230e0 .param/l "ROM_DEPTH" 0 3 9, +C4<00000000000000000000000001000000>;
P_000002059a123118 .param/l "ROM_WIDTH" 0 3 8, +C4<00000000000000000000000000001000>;
v000002059a1b2e20_0 .var "clk", 0 0;
v000002059a1b31e0_0 .var "cnt_id", 7 0;
v000002059a1b2880_0 .net "data", 15 0, L_000002059a15fa30;  1 drivers
v000002059a1b2920_0 .var "id", 7 0;
v000002059a1b2b00_0 .var "rst", 0 0;
v000002059a1b2ce0_0 .var "tab_dataa", 7 0;
v000002059a1b2d80_0 .var/s "test", 15 0;
E_000002059a145880 .event posedge, v000002059a1b2e20_0;
S_000002059a15cc30 .scope module, "sine_table_inst" "sine_table" 3 20, 4 3 0, S_000002059a15caa0;
 .timescale -9 -9;
    .port_info 0 /INPUT 8 "id";
    .port_info 1 /OUTPUT 16 "data";
P_000002059a123200 .param/l "ADDRW" 0 4 6, +C4<00000000000000000000000000001000>;
P_000002059a123238 .param/l "ROM_DEPTH" 0 4 4, +C4<00000000000000000000000001000000>;
P_000002059a123270 .param/l "ROM_WIDTH" 0 4 5, +C4<00000000000000000000000000001000>;
L_000002059a15fa30 .functor BUFZ 16, v000002059a122d30_0, C4<0000000000000000>, C4<0000000000000000>, C4<0000000000000000>;
v000002059a122c90_0 .net "data", 15 0, L_000002059a15fa30;  alias, 1 drivers
v000002059a122d30_0 .var "data_r", 15 0;
v000002059a122dd0_0 .var "data_ted", 15 0;
v000002059a122e70_0 .net "id", 7 0, v000002059a1b2920_0;  1 drivers
v000002059a1b3140_0 .var "quad", 1 0;
v000002059a1b3780_0 .net "tab_data", 7 0, L_000002059a15f3a0;  1 drivers
v000002059a1b2a60_0 .var "tab_id", 5 0;
E_000002059a145040 .event anyedge, v000002059a122e70_0;
E_000002059a145100 .event anyedge, v000002059a122e70_0, v000002059a1b3140_0;
S_000002059a15cdc0 .scope module, "sine_rom" "rom_async" 4 22, 5 1 0, S_000002059a15cc30;
 .timescale -9 -9;
    .port_info 0 /INPUT 6 "addr";
    .port_info 1 /OUTPUT 8 "data";
P_000002059a14b2a0 .param/l "ADDRW" 1 5 5, +C4<00000000000000000000000000000110>;
P_000002059a14b2d8 .param/l "DEPTH" 0 5 3, +C4<00000000000000000000000001000000>;
P_000002059a14b310 .param/str "INIT_F" 0 5 4, "sine_table_64x8.mem";
P_000002059a14b348 .param/l "WIDTH" 0 5 2, +C4<00000000000000000000000000001000>;
L_000002059a15f3a0 .functor BUFZ 8, L_000002059a1b35a0, C4<00000000>, C4<00000000>, C4<00000000>;
v000002059a14d980_0 .net *"_ivl_0", 7 0, L_000002059a1b35a0;  1 drivers
v000002059a14da20_0 .net *"_ivl_2", 7 0, L_000002059a1b2ec0;  1 drivers
L_000002059a1b3848 .functor BUFT 1, C4<00>, C4<0>, C4<0>, C4<0>;
v000002059a2dc3f0_0 .net *"_ivl_5", 1 0, L_000002059a1b3848;  1 drivers
v000002059a122ab0_0 .net "addr", 5 0, v000002059a1b2a60_0;  1 drivers
v000002059a122b50_0 .net "data", 7 0, L_000002059a15f3a0;  alias, 1 drivers
v000002059a122bf0 .array "memory_r", 0 63, 7 0;
L_000002059a1b35a0 .array/port v000002059a122bf0, L_000002059a1b2ec0;
L_000002059a1b2ec0 .concat [ 6 2 0 0], v000002059a1b2a60_0, L_000002059a1b3848;
    .scope S_000002059a15cdc0;
T_0 ;
    %vpi_call/w 5 15 "$display", "Creating rom_async from init file '%s'.", P_000002059a14b310 {0 0 0};
    %vpi_call/w 5 16 "$readmemh", P_000002059a14b310, v000002059a122bf0 {0 0 0};
    %end;
    .thread T_0;
    .scope S_000002059a15cc30;
T_1 ;
    %pushi/vec4 0, 0, 16;
    %store/vec4 v000002059a122dd0_0, 0, 16;
    %end;
    .thread T_1, $init;
    .scope S_000002059a15cc30;
T_2 ;
    %wait E_000002059a145100;
    %load/vec4 v000002059a122e70_0;
    %parti/s 2, 6, 4;
    %store/vec4 v000002059a1b3140_0, 0, 2;
    %load/vec4 v000002059a1b3140_0;
    %dup/vec4;
    %pushi/vec4 0, 0, 2;
    %cmp/u;
    %jmp/1 T_2.0, 6;
    %dup/vec4;
    %pushi/vec4 1, 0, 2;
    %cmp/u;
    %jmp/1 T_2.1, 6;
    %dup/vec4;
    %pushi/vec4 2, 0, 2;
    %cmp/u;
    %jmp/1 T_2.2, 6;
    %dup/vec4;
    %pushi/vec4 3, 0, 2;
    %cmp/u;
    %jmp/1 T_2.3, 6;
    %jmp T_2.4;
T_2.0 ;
    %load/vec4 v000002059a122e70_0;
    %parti/s 6, 0, 2;
    %store/vec4 v000002059a1b2a60_0, 0, 6;
    %jmp T_2.4;
T_2.1 ;
    %pushi/vec4 128, 0, 32;
    %load/vec4 v000002059a122e70_0;
    %parti/s 6, 0, 2;
    %pad/u 32;
    %sub;
    %pad/u 6;
    %store/vec4 v000002059a1b2a60_0, 0, 6;
    %jmp T_2.4;
T_2.2 ;
    %load/vec4 v000002059a122e70_0;
    %parti/s 6, 0, 2;
    %pad/u 32;
    %subi 128, 0, 32;
    %pad/u 6;
    %store/vec4 v000002059a1b2a60_0, 0, 6;
    %jmp T_2.4;
T_2.3 ;
    %pushi/vec4 256, 0, 32;
    %load/vec4 v000002059a122e70_0;
    %parti/s 6, 0, 2;
    %pad/u 32;
    %sub;
    %pad/u 6;
    %store/vec4 v000002059a1b2a60_0, 0, 6;
    %jmp T_2.4;
T_2.4 ;
    %pop/vec4 1;
    %jmp T_2;
    .thread T_2, $push;
    .scope S_000002059a15cc30;
T_3 ;
    %wait E_000002059a145040;
    %load/vec4 v000002059a122e70_0;
    %pad/u 32;
    %cmpi/e 64, 0, 32;
    %jmp/0xz  T_3.0, 4;
    %pushi/vec4 256, 0, 16;
    %store/vec4 v000002059a122d30_0, 0, 16;
    %pushi/vec4 256, 0, 16;
    %store/vec4 v000002059a122dd0_0, 0, 16;
    %jmp T_3.1;
T_3.0 ;
    %load/vec4 v000002059a1b3140_0;
    %parti/s 1, 1, 2;
    %pad/u 32;
    %cmpi/e 0, 0, 32;
    %jmp/0xz  T_3.2, 4;
    %pushi/vec4 0, 0, 8;
    %load/vec4 v000002059a1b3780_0;
    %concat/vec4; draw_concat_vec4
    %store/vec4 v000002059a122d30_0, 0, 16;
    %jmp T_3.3;
T_3.2 ;
    %pushi/vec4 0, 0, 16;
    %pushi/vec4 0, 0, 8;
    %load/vec4 v000002059a1b3780_0;
    %concat/vec4; draw_concat_vec4
    %sub;
    %store/vec4 v000002059a122d30_0, 0, 16;
T_3.3 ;
T_3.1 ;
    %jmp T_3;
    .thread T_3, $push;
    .scope S_000002059a15caa0;
T_4 ;
    %pushi/vec4 0, 0, 1;
    %store/vec4 v000002059a1b2e20_0, 0, 1;
    %pushi/vec4 0, 0, 1;
    %store/vec4 v000002059a1b2b00_0, 0, 1;
    %pushi/vec4 0, 0, 8;
    %store/vec4 v000002059a1b31e0_0, 0, 8;
    %pushi/vec4 55, 0, 8;
    %store/vec4 v000002059a1b2ce0_0, 0, 8;
    %end;
    .thread T_4, $init;
    .scope S_000002059a15caa0;
T_5 ;
    %wait E_000002059a145880;
    %load/vec4 v000002059a1b2920_0;
    %pad/u 32;
    %cmpi/u 256, 0, 32;
    %jmp/0xz  T_5.0, 5;
    %load/vec4 v000002059a1b31e0_0;
    %addi 1, 0, 8;
    %assign/vec4 v000002059a1b31e0_0, 0;
    %load/vec4 v000002059a1b2920_0;
    %addi 1, 0, 8;
    %assign/vec4 v000002059a1b2920_0, 0;
    %jmp T_5.1;
T_5.0 ;
    %pushi/vec4 0, 0, 8;
    %assign/vec4 v000002059a1b2920_0, 0;
T_5.1 ;
    %jmp T_5;
    .thread T_5;
    .scope S_000002059a15caa0;
T_6 ;
    %delay 5, 0;
    %pushi/vec4 1, 0, 1;
    %store/vec4 v000002059a1b2b00_0, 0, 1;
    %delay 5, 0;
    %pushi/vec4 0, 0, 1;
    %store/vec4 v000002059a1b2b00_0, 0, 1;
    %delay 5, 0;
    %pushi/vec4 0, 0, 16;
    %pushi/vec4 0, 0, 8;
    %load/vec4 v000002059a1b2ce0_0;
    %concat/vec4; draw_concat_vec4
    %sub;
    %store/vec4 v000002059a1b2d80_0, 0, 16;
    %vpi_call/w 3 43 "$display", "tohle je ta hodnota %d", v000002059a1b2d80_0 {0 0 0};
    %vpi_call/w 3 44 "$dumpfile", "rom_table_waves.vcd" {0 0 0};
    %vpi_call/w 3 45 "$dumpvars" {0 0 0};
    %end;
    .thread T_6;
    .scope S_000002059a15caa0;
T_7 ;
    %delay 5, 0;
    %load/vec4 v000002059a1b2e20_0;
    %nor/r;
    %store/vec4 v000002059a1b2e20_0, 0, 1;
    %jmp T_7;
    .thread T_7;
    .scope S_000002059a15caa0;
T_8 ;
    %delay 5000000, 0;
    %vpi_call/w 3 52 "$finish" {0 0 0};
    %end;
    .thread T_8;
# The file index is used to find the file name in the following table.
:file_names 6;
    "N/A";
    "<interactive>";
    "-";
    "sine_table_tb.v";
    "./sine_table.v";
    "./rom_async.v";
