#! /c/Source/iverilog-install/bin/vvp
:ivl_version "12.0 (devel)" "(s20150603-1110-g18392a46)";
:ivl_delay_selection "TYPICAL";
:vpi_time_precision - 9;
:vpi_module "C:\iverilog\lib\ivl\system.vpi";
:vpi_module "C:\iverilog\lib\ivl\vhdl_sys.vpi";
:vpi_module "C:\iverilog\lib\ivl\vhdl_textio.vpi";
:vpi_module "C:\iverilog\lib\ivl\v2005_math.vpi";
:vpi_module "C:\iverilog\lib\ivl\va_math.vpi";
:vpi_module "C:\iverilog\lib\ivl\v2009.vpi";
S_000001bba5e82a70 .scope package, "$unit" "$unit" 2 1;
 .timescale 0 0;
S_000001bba5e82c00 .scope module, "rom_async" "rom_async" 3 1;
 .timescale -9 -9;
    .port_info 0 /INPUT 8 "addr";
    .port_info 1 /OUTPUT 8 "data";
P_000001bba5e82d90 .param/l "ADDRW" 1 3 5, +C4<00000000000000000000000000001000>;
P_000001bba5e82dc8 .param/l "DEPTH" 0 3 3, +C4<00000000000000000000000100000000>;
P_000001bba5e82e00 .param/str "INIT_F" 0 3 4, "\000";
P_000001bba5e82e38 .param/l "WIDTH" 0 3 2, +C4<00000000000000000000000000001000>;
L_000001bba5e83120 .functor BUFZ 8, L_000001bba5eb3150, C4<00000000>, C4<00000000>, C4<00000000>;
v000001bba5e82e80_0 .net *"_ivl_0", 7 0, L_000001bba5eb3150;  1 drivers
v000001bba5e6ad00_0 .net *"_ivl_2", 9 0, L_000001bba5eb31f0;  1 drivers
L_000001bba5ef7c38 .functor BUFT 1, C4<00>, C4<0>, C4<0>, C4<0>;
v000001bba5e6ada0_0 .net *"_ivl_5", 1 0, L_000001bba5ef7c38;  1 drivers
o000001bba5eb7068 .functor BUFZ 8, C4<zzzzzzzz>; HiZ drive
v000001bba5e6ae40_0 .net "addr", 7 0, o000001bba5eb7068;  0 drivers
v000001bba5e6aee0_0 .net "data", 7 0, L_000001bba5e83120;  1 drivers
v000001bba5eb3010 .array "memory_r", 0 255, 7 0;
L_000001bba5eb3150 .array/port v000001bba5eb3010, L_000001bba5eb31f0;
L_000001bba5eb31f0 .concat [ 8 2 0 0], o000001bba5eb7068, L_000001bba5ef7c38;
S_000001bba5e68b30 .scope module, "top_osc" "top_osc" 4 1;
 .timescale -9 -9;
    .port_info 0 /INPUT 1 "clk";
o000001bba5eb7128 .functor BUFZ 1, C4<z>; HiZ drive
v000001bba5eb30b0_0 .net "clk", 0 0, o000001bba5eb7128;  0 drivers
    .scope S_000001bba5e82c00;
T_0 ;
    %end;
    .thread T_0;
# The file index is used to find the file name in the following table.
:file_names 5;
    "N/A";
    "<interactive>";
    "-";
    "./../../library/memory/ROM/rom_async.v";
    "./../top_osc.v";
